[0m17:06:50.818331 [debug] [MainThread]: Sending event: {'category': 'dbt', 'action': 'invocation', 'label': 'start', 'context': [<snowplow_tracker.self_describing_json.SelfDescribingJson object at 0x000002505DBA4170>, <snowplow_tracker.self_describing_json.SelfDescribingJson object at 0x0000025060A4A0C0>, <snowplow_tracker.self_describing_json.SelfDescribingJson object at 0x0000025060A49F10>]}


============================== 17:06:50.849000 | b08defbd-d19a-4ade-9f92-448d5ccf607d ==============================
[0m17:06:50.849000 [info ] [MainThread]: Running with dbt=1.11.8
[0m17:06:50.850031 [debug] [MainThread]: running dbt with arguments {'static_parser': 'True', 'no_print': 'None', 'version_check': 'True', 'warn_error_options': 'WarnErrorOptionsV2(error=[], warn=[], silence=[])', 'target_path': 'None', 'printer_width': '80', 'write_json': 'True', 'introspect': 'True', 'log_cache_events': 'False', 'empty': 'None', 'cache_selected_only': 'False', 'fail_fast': 'False', 'debug': 'False', 'log_format': 'default', 'profiles_dir': 'C:\\Users\\shash\\.dbt', 'send_anonymous_usage_stats': 'True', 'quiet': 'False', 'warn_error': 'None', 'partial_parse': 'True', 'use_colors': 'True', 'indirect_selection': 'eager', 'invocation_command': 'dbt init sales_win_predictor --skip-profile-setup', 'use_experimental_parser': 'False', 'log_path': 'logs'}
[0m17:06:50.882822 [info ] [MainThread]: Creating dbt configuration folder at C:\Users\shash\.dbt
[0m17:06:50.885831 [debug] [MainThread]: Starter project path: C:\Users\shash\OneDrive\Documents\Sales-Win-Predictor\.venv\Lib\site-packages\dbt\include\starter_project
[0m17:06:50.925530 [info ] [MainThread]: 
Your new dbt project "sales_win_predictor" was created!

For more information on how to configure the profiles.yml file,
please consult the dbt documentation here:

  https://docs.getdbt.com/docs/configure-your-profile

One more thing:

Need help? Don't hesitate to reach out to us via GitHub issues or on Slack:

  https://community.getdbt.com/

Happy modeling!

[0m17:06:50.929529 [debug] [MainThread]: Command `dbt init` succeeded at 17:06:50.928531 after 0.27 seconds
[0m17:06:50.929529 [debug] [MainThread]: Sending event: {'category': 'dbt', 'action': 'invocation', 'label': 'end', 'context': [<snowplow_tracker.self_describing_json.SelfDescribingJson object at 0x000002505DBA4170>, <snowplow_tracker.self_describing_json.SelfDescribingJson object at 0x0000025060202240>, <snowplow_tracker.self_describing_json.SelfDescribingJson object at 0x0000025061FFF320>]}
[0m17:06:50.930533 [debug] [MainThread]: Flushing usage events
[0m17:06:52.306522 [debug] [MainThread]: An error was encountered while trying to flush usage events
[0m18:23:02.461201 [debug] [MainThread]: Sending event: {'category': 'dbt', 'action': 'invocation', 'label': 'start', 'context': [<snowplow_tracker.self_describing_json.SelfDescribingJson object at 0x00000171E159EE70>, <snowplow_tracker.self_describing_json.SelfDescribingJson object at 0x00000171E159FB90>, <snowplow_tracker.self_describing_json.SelfDescribingJson object at 0x00000171DE537D70>]}


============================== 18:23:02.468220 | 23296e50-1933-4a99-a024-534f916efd81 ==============================
[0m18:23:02.468220 [info ] [MainThread]: Running with dbt=1.11.8
[0m18:23:02.468220 [debug] [MainThread]: running dbt with arguments {'version_check': 'True', 'no_print': 'None', 'static_parser': 'True', 'warn_error_options': 'WarnErrorOptionsV2(error=[], warn=[], silence=[])', 'target_path': 'None', 'printer_width': '80', 'write_json': 'True', 'empty': 'None', 'log_cache_events': 'False', 'introspect': 'True', 'cache_selected_only': 'False', 'log_format': 'default', 'debug': 'False', 'fail_fast': 'False', 'partial_parse': 'True', 'send_anonymous_usage_stats': 'True', 'quiet': 'False', 'warn_error': 'None', 'profiles_dir': 'C:\\Users\\shash\\.dbt', 'invocation_command': 'dbt debug', 'use_colors': 'True', 'indirect_selection': 'eager', 'use_experimental_parser': 'False', 'log_path': 'logs'}
[0m18:23:02.511107 [info ] [MainThread]: dbt version: 1.11.8
[0m18:23:02.512109 [info ] [MainThread]: python version: 3.12.6
[0m18:23:02.512109 [info ] [MainThread]: python path: C:\Users\shash\OneDrive\Documents\Sales-Win-Predictor\.venv\Scripts\python.exe
[0m18:23:02.512109 [info ] [MainThread]: os info: Windows-11-10.0.26200-SP0
[0m18:23:02.513111 [info ] [MainThread]: Using profiles dir at C:\Users\shash\.dbt
[0m18:23:02.513111 [info ] [MainThread]: Using profiles.yml file at C:\Users\shash\.dbt\profiles.yml
[0m18:23:02.514107 [info ] [MainThread]: Using dbt_project.yml file at C:\Users\shash\OneDrive\Documents\Sales-Win-Predictor\dbt_project.yml
[0m18:23:02.514107 [info ] [MainThread]: Configuration:
[0m18:23:02.515107 [info ] [MainThread]:   profiles.yml file [[31mERROR not found[0m]
[0m18:23:02.515107 [info ] [MainThread]:   dbt_project.yml file [[31mERROR not found[0m]
[0m18:23:02.515107 [info ] [MainThread]: Required dependencies:
[0m18:23:02.516105 [debug] [MainThread]: Executing "git --help"
[0m18:23:02.563024 [debug] [MainThread]: STDOUT: "b"usage: git [-v | --version] [-h | --help] [-C <path>] [-c <name>=<value>]\n           [--exec-path[=<path>]] [--html-path] [--man-path] [--info-path]\n           [-p | --paginate | -P | --no-pager] [--no-replace-objects] [--no-lazy-fetch]\n           [--no-optional-locks] [--no-advice] [--bare] [--git-dir=<path>]\n           [--work-tree=<path>] [--namespace=<name>] [--config-env=<name>=<envvar>]\n           <command> [<args>]\n\nThese are common Git commands used in various situations:\n\nstart a working area (see also: git help tutorial)\n   clone     Clone a repository into a new directory\n   init      Create an empty Git repository or reinitialize an existing one\n\nwork on the current change (see also: git help everyday)\n   add       Add file contents to the index\n   mv        Move or rename a file, a directory, or a symlink\n   restore   Restore working tree files\n   rm        Remove files from the working tree and from the index\n\nexamine the history and state (see also: git help revisions)\n   bisect    Use binary search to find the commit that introduced a bug\n   diff      Show changes between commits, commit and working tree, etc\n   grep      Print lines matching a pattern\n   log       Show commit logs\n   show      Show various types of objects\n   status    Show the working tree status\n\ngrow, mark and tweak your common history\n   branch    List, create, or delete branches\n   commit    Record changes to the repository\n   merge     Join two or more development histories together\n   rebase    Reapply commits on top of another base tip\n   reset     Reset current HEAD to the specified state\n   switch    Switch branches\n   tag       Create, list, delete or verify a tag object signed with GPG\n\ncollaborate (see also: git help workflows)\n   fetch     Download objects and refs from another repository\n   pull      Fetch from and integrate with another repository or a local branch\n   push      Update remote refs along with associated objects\n\n'git help -a' and 'git help -g' list available subcommands and some\nconcept guides. See 'git help <command>' or 'git help <concept>'\nto read about a specific subcommand or concept.\nSee 'git help git' for an overview of the system.\n""
[0m18:23:02.564023 [debug] [MainThread]: STDERR: "b''"
[0m18:23:02.564023 [info ] [MainThread]:  - git [[32mOK found[0m]

[0m18:23:02.565022 [info ] [MainThread]: Connection test skipped since no profile was found
[0m18:23:02.565022 [info ] [MainThread]: [31m2 checks failed:[0m
[0m18:23:02.566045 [info ] [MainThread]: dbt looked for a profiles.yml file in C:\Users\shash\.dbt\profiles.yml, but did
not find one. For more information on configuring your profile, consult the
documentation:

https://docs.getdbt.com/docs/configure-your-profile


[0m18:23:02.566045 [info ] [MainThread]: Project loading failed for the following reason:
 project path <C:\Users\shash\OneDrive\Documents\Sales-Win-Predictor\dbt_project.yml> not found

[0m18:23:02.567021 [debug] [MainThread]: Command `dbt debug` failed at 18:23:02.567021 after 0.25 seconds
[0m18:23:02.568040 [debug] [MainThread]: Sending event: {'category': 'dbt', 'action': 'invocation', 'label': 'end', 'context': [<snowplow_tracker.self_describing_json.SelfDescribingJson object at 0x00000171E159EE70>, <snowplow_tracker.self_describing_json.SelfDescribingJson object at 0x00000171E159FB90>, <snowplow_tracker.self_describing_json.SelfDescribingJson object at 0x00000171E1CD1A60>]}
[0m18:23:02.568040 [debug] [MainThread]: Flushing usage events
[0m18:23:03.816246 [debug] [MainThread]: An error was encountered while trying to flush usage events
